<?xml version="1.0" encoding="UTF-8"?>
<!-- Generated by org.testng.reporters.JUnitXMLReporter -->
<testsuite ignored="0" hostname="GOD" failures="0" tests="4" name="Default test" time="10.764" errors="0" timestamp="2023-07-08T12:00:36 IST">
  <testcase classname="api.test.UserTests" name="testPostUser" time="4.782"/>
  <testcase classname="api.test.UserTests" name="testGetUserByName" time="1.524"/>
  <testcase classname="api.test.UserTests" name="testUpdateUserByName" time="2.755"/>
  <testcase classname="api.test.UserTests" name="testDeleteUserByName" time="1.247"/>
</testsuite> <!-- Default test -->
