<?xml version="1.0" encoding="UTF-8"?>
<!-- Generated by org.testng.reporters.JUnitXMLReporter -->
<testsuite ignored="0" hostname="GOD" failures="0" tests="4" name="Test" time="8.613" errors="0" timestamp="2023-06-10T14:31:02 IST">
  <testcase classname="api.test.UserTests" name="testPostUser" time="2.981"/>
  <testcase classname="api.test.UserTests" name="testGetUserByName" time="1.96"/>
  <testcase classname="api.test.UserTests" name="testUpdateUserByName" time="2.133"/>
  <testcase classname="api.test.UserTests" name="testDeleteUserByName" time="1.038"/>
</testsuite> <!-- Test -->
