<?xml version="1.0" encoding="UTF-8"?>
<testng-results ignored="0" total="4" passed="4" failed="0" skipped="0">
  <reporter-output>
  </reporter-output>
  <suite started-at="2023-07-08T12:00:25 IST" name="Default suite" finished-at="2023-07-08T12:00:36 IST" duration-ms="10764">
    <groups>
    </groups>
    <test started-at="2023-07-08T12:00:25 IST" name="Default test" finished-at="2023-07-08T12:00:36 IST" duration-ms="10764">
      <class name="api.test.UserTests">
        <test-method is-config="true" signature="setUpData()[pri:0, instance:api.test.UserTests@7e07db1f]" started-at="2023-07-08T12:00:25 IST" name="setUpData" finished-at="2023-07-08T12:00:25 IST" duration-ms="348" status="PASS">
          <reporter-output>
          </reporter-output>
        </test-method> <!-- setUpData -->
        <test-method signature="testPostUser()[pri:1, instance:api.test.UserTests@7e07db1f]" started-at="2023-07-08T12:00:25 IST" name="testPostUser" finished-at="2023-07-08T12:00:30 IST" duration-ms="4782" status="PASS">
          <reporter-output>
          </reporter-output>
        </test-method> <!-- testPostUser -->
        <test-method signature="testGetUserByName()[pri:2, instance:api.test.UserTests@7e07db1f]" started-at="2023-07-08T12:00:30 IST" name="testGetUserByName" finished-at="2023-07-08T12:00:32 IST" duration-ms="1524" status="PASS">
          <reporter-output>
          </reporter-output>
        </test-method> <!-- testGetUserByName -->
        <test-method signature="testUpdateUserByName()[pri:3, instance:api.test.UserTests@7e07db1f]" started-at="2023-07-08T12:00:32 IST" name="testUpdateUserByName" finished-at="2023-07-08T12:00:34 IST" duration-ms="2755" status="PASS">
          <reporter-output>
          </reporter-output>
        </test-method> <!-- testUpdateUserByName -->
        <test-method signature="testDeleteUserByName()[pri:4, instance:api.test.UserTests@7e07db1f]" started-at="2023-07-08T12:00:34 IST" name="testDeleteUserByName" finished-at="2023-07-08T12:00:36 IST" duration-ms="1247" status="PASS">
          <reporter-output>
          </reporter-output>
        </test-method> <!-- testDeleteUserByName -->
      </class> <!-- api.test.UserTests -->
    </test> <!-- Default test -->
  </suite> <!-- Default suite -->
</testng-results>
